<?xml version="1.0" encoding="UTF-8"?>
<!-- Generated by org.testng.reporters.JUnitReportReporter -->
<testsuite hostname="DESKTOP-4G6V73A" failures="0" tests="1" name="TestRunner.RunnerTest" time="3.229" errors="0" timestamp="2023-04-12T19:41:59 IST" skipped="0">
  <testcase classname="TestRunner.RunnerTest" name="runScenario" time="3.229"/>
  <system-out/>
</testsuite> <!-- TestRunner.RunnerTest -->
